<?xml version="1.0" encoding="UTF-8"?>
<!-- Generated by org.testng.reporters.JUnitReportReporter -->
<testsuite hostname="DESKTOP-VQJF9TJ" failures="0" tests="1" name="testcases.TC5_AddToCart" time="6.337" errors="0" timestamp="2024-12-25T17:38:11 EST" skipped="0">
  <testcase classname="testcases.TC5_AddToCart" name="testAddToCart" time="6.337"/>
</testsuite> <!-- testcases.TC5_AddToCart -->
