<?xml version="1.0" encoding="UTF-8"?>
<!-- Generated by org.testng.reporters.JUnitReportReporter -->
<testsuite hostname="DESKTOP-VQJF9TJ" failures="0" tests="1" name="testcases.TC3_Logout" time="7.316" errors="0" timestamp="2024-12-25T17:38:11 EST" skipped="0">
  <testcase classname="testcases.TC3_Logout" name="testLogout" time="7.316"/>
</testsuite> <!-- testcases.TC3_Logout -->
