<?xml version="1.0" encoding="UTF-8"?>
<!-- Generated by org.testng.reporters.JUnitReportReporter -->
<testsuite hostname="DESKTOP-VQJF9TJ" failures="0" tests="1" name="testcases.TC4_SearchProduct" time="3.965" errors="0" timestamp="2024-12-25T17:38:11 EST" skipped="0">
  <testcase classname="testcases.TC4_SearchProduct" name="testProductSearch" time="3.965"/>
</testsuite> <!-- testcases.TC4_SearchProduct -->
