<?xml version="1.0" encoding="UTF-8"?>
<!-- Generated by org.testng.reporters.JUnitReportReporter -->
<testsuite hostname="DESKTOP-VQJF9TJ" failures="0" tests="1" name="testcases.TC6_EndToEndTest" time="24.231" errors="0" timestamp="2024-12-25T21:44:48 EST" skipped="0">
  <testcase classname="testcases.TC6_EndToEndTest" name="executeEndToEndTest" time="24.231"/>
</testsuite> <!-- testcases.TC6_EndToEndTest -->
