<?xml version="1.0" encoding="UTF-8"?>
<!-- Generated by org.testng.reporters.JUnitReportReporter -->
<testsuite hostname="DESKTOP-VQJF9TJ" failures="0" tests="1" name="testcases.TC2_Login" time="5.234" errors="0" timestamp="2024-12-25T17:26:00 EST" skipped="0">
  <testcase classname="testcases.TC2_Login" name="testLoginWithValidCredentials" time="5.234"/>
</testsuite> <!-- testcases.TC2_Login -->
