<?xml version="1.0" encoding="UTF-8"?>
<!-- Generated by org.testng.reporters.JUnitReportReporter -->
<testsuite hostname="DESKTOP-VQJF9TJ" failures="0" tests="1" name="testcases.TC1_Registration" time="7.049" errors="0" timestamp="2024-12-25T17:26:00 EST" skipped="0">
  <testcase classname="testcases.TC1_Registration" name="testUserRegistration" time="7.049"/>
</testsuite> <!-- testcases.TC1_Registration -->
